<?xml version="1.0" encoding="UTF-8"?>
<testsuite xmlns:xsi="http://www.w3.org/2001/XMLSchema-instance" xsi:noNamespaceSchemaLocation="https://maven.apache.org/surefire/maven-surefire-plugin/xsd/surefire-test-report.xsd" name="com.mycompany.app.TriTypTest" time="0.057" tests="23" errors="0" skipped="0" failures="0">
  <properties>
[...]
</properties>
  <testcase name="twoSameNums_combination3_returnsTwo" classname="com.mycompany.app.TriTypTest" time="0.019"/>
  <testcase name="negativeNum_param3_returnsFour" classname="com.mycompany.app.TriTypTest" time="0"/>
  <testcase name="negativeNum_param2_returnsFour" classname="com.mycompany.app.TriTypTest" time="0.001"/>
  <testcase name="negativeNum_param1_returnsFour" classname="com.mycompany.app.TriTypTest" time="0.001"/>
  <testcase name="twoEqualSidesLessThanASide_combination1_returnsTwo" classname="com.mycompany.app.TriTypTest" time="0"/>
  <testcase name="twoUnequalSidesLessThanASide_combination3_returnsFour" classname="com.mycompany.app.TriTypTest" time="0.001"/>
  <testcase name="twoEqualSidesLessThanASide_combination2_returnsTwo" classname="com.mycompany.app.TriTypTest" time="0.001"/>
  <testcase name="twoEqualSidesLessThanASide_combination3_returnsTwo" classname="com.mycompany.app.TriTypTest" time="0.007"/>
  <testcase name="twoSidesLessThanASide_combination5_returnsTwo" classname="com.mycompany.app.TriTypTest" time="0.001"/>
  <testcase name="twoUnequalSidesLessThanASide_combination2_returnsFour" classname="com.mycompany.app.TriTypTest" time="0"/>
  <testcase name="twoEqualSidesLessThanASide_combination4_returnsTwo" classname="com.mycompany.app.TriTypTest" time="0"/>
  <testcase name="twoUnequalSidesLessThanASide_combination1_returnsFour" classname="com.mycompany.app.TriTypTest" time="0"/>
  <testcase name="twoEqualSidesLessThanASide_combination6_returnsTwo" classname="com.mycompany.app.TriTypTest" time="0"/>
  <testcase name="unequalNums_combination3_returnsFour" classname="com.mycompany.app.TriTypTest" time="0"/>
  <testcase name="unequalNums_combination2_returnsFour" classname="com.mycompany.app.TriTypTest" time="0.001"/>
  <testcase name="unequalNums_combination1_returnsFour" classname="com.mycompany.app.TriTypTest" time="0.001"/>
  <testcase name="testNullUserInput_notAValidTriangle" classname="com.mycompany.app.TriTypTest" time="0"/>
  <testcase name="testNegativeNumberUserInput_notAValidTriangle" classname="com.mycompany.app.TriTypTest" time="0.001"/>
  <testcase name="testEmptyUserInput_equilateral" classname="com.mycompany.app.TriTypTest" time="0.001"/>
  <testcase name="testSingleInput" classname="com.mycompany.app.TriTypTest" time="0"/>
  <testcase name="twoSameNums_combination1_returnsTwo" classname="com.mycompany.app.TriTypTest" time="0.001"/>
  <testcase name="testNumberTwoUserInput_notAValidTriangle" classname="com.mycompany.app.TriTypTest" time="0.001"/>
  <testcase name="twoSameNums_combination2_returnsTwo" classname="com.mycompany.app.TriTypTest" time="0"/>
</testsuite>