<?xml version="1.0" encoding="UTF-8"?>
<testsuite xmlns:xsi="http://www.w3.org/2001/XMLSchema-instance" xsi:noNamespaceSchemaLocation="https://maven.apache.org/surefire/maven-surefire-plugin/xsd/surefire-test-report.xsd" name="com.mycompany.app.PrimeNumbersTest" time="0.028" tests="4" errors="0" skipped="0" failures="1">
  <properties>
[...]
</properties>
  <testcase name="showFivePrimeNumbers_2_3_5_7_11" classname="com.mycompany.app.PrimeNumbersTest" time="0.009"/>
  <testcase name="showZeroPrimeNumber" classname="com.mycompany.app.PrimeNumbersTest" time="0"/>
  <testcase name="showPrimeNumbersUntil_100" classname="com.mycompany.app.PrimeNumbersTest" time="0.013">
    <failure message="expected: &lt;[2, 3, 5, 7, 11, 13, 17, 19, 23, 29, 31, 37, 41, 43, 47, 53, 59, 61, 67, 71, 73, 79, 83, 89, 97]&gt; but was: &lt;[2, 3, 5, 7, 11, 13, 17, 23, 31, 37, 41, 43, 47, 53, 61, 67, 71, 73, 83, 97, 101, 103, 107, 113, 127]&gt;" type="org.opentest4j.AssertionFailedError"><![CDATA[org.opentest4j.AssertionFailedError: expected: <[2, 3, 5, 7, 11, 13, 17, 19, 23, 29, 31, 37, 41, 43, 47, 53, 59, 61, 67, 71, 73, 79, 83, 89, 97]> but was: <[2, 3, 5, 7, 11, 13, 17, 23, 31, 37, 41, 43, 47, 53, 61, 67, 71, 73, 83, 97, 101, 103, 107, 113, 127]>
	at com.mycompany.app.PrimeNumbersTest.showPrimeNumbersUntil_100(PrimeNumbersTest.java:41)
]]></failure>
  </testcase>
  <testcase name="showSevenPrimeNumbers" classname="com.mycompany.app.PrimeNumbersTest" time="0.001"/>
</testsuite>